[info]: [ 'client ready' ]
2026-06-25 01:26:55.835 📚 段子手 Bot 启动中...
2026-06-25 01:26:55.836 📋 已加载任务存储: 11 条记录
2026-06-25 01:26:55.836 🔧 连接 OpenCode: http://localhost:8080
2026-06-25 01:26:55.836 ✅ OpenCode 已就绪
2026-06-25 01:26:56.333 📋 当前 Bot open_id: ou_52b8864e9805f24cb4943f7cb40b68b7
[info]: [ 'event-dispatch is ready' ]
[info]: [
  '[ws]',
  'receive events or callbacks through persistent connection only available in self-build & Feishu app, Configured in:\n' +
    '        Developer Console(开发者后台)\n' +
    '          ->\n' +
    '        Events and Callbacks(事件与回调)\n' +
    '          ->\n' +
    '        Mode of event/callback subscription(订阅方式)\n' +
    '          ->\n' +
    '        Receive events/callbacks through persistent connection(使用 长连接 接收事件/回调)'
]
2026-06-25 01:26:56.339 ✅ 段子手 启动成功，等待消息...
[debug]: [
  '[ws]',
  'get connect config success, ws url: wss://msg-frontier.feishu.cn/ws/v2?fpid=493&aid=552564&device_id=7655138374401592532&access_key=b4423eaa20cc82e2c91be56918b744c5&service_id=33554678&ticket=6977633c-c2de-418b-bca8-5bc5d07d4a75'
]
[debug]: [ '[ws]', 'ws connect success' ]
[info]: [ '[ws]', 'ws client ready' ]
[debug]: [
  '[ws]',
  'receive message, message_type: event; message_id: 264852d0-bc5f-41e6-9f30-54f1f209c318; trace_id: 35ebd1bd270edbcd493e51cd2926cad7; data: undefined'
]
2026-06-25 01:33:56.042 [dedup] event_id=35ebd1bd270edbcd493e51cd2926cad7 message_id=om_x100b6cfc16e96888c4e3558dc14bcc1
