[info]: [ 'client ready' ]
2026-06-25 01:26:55.842 📚 校对 Bot 启动中...
2026-06-25 01:26:55.843 📋 已加载任务存储: 11 条记录
2026-06-25 01:26:55.843 🔧 连接 OpenCode: http://localhost:8080
2026-06-25 01:26:55.843 ✅ OpenCode 已就绪
2026-06-25 01:26:56.358 📋 当前 Bot open_id: ou_67ea35c84f46b170aa4a25442f3fccfc
[info]: [ 'event-dispatch is ready' ]
[info]: [
  '[ws]',
  'receive events or callbacks through persistent connection only available in self-build & Feishu app, Configured in:\n' +
    '        Developer Console(开发者后台)\n' +
    '          ->\n' +
    '        Events and Callbacks(事件与回调)\n' +
    '          ->\n' +
    '        Mode of event/callback subscription(订阅方式)\n' +
    '          ->\n' +
    '        Receive events/callbacks through persistent connection(使用 长连接 接收事件/回调)'
]
2026-06-25 01:26:56.364 ✅ 校对 启动成功，等待消息...
[debug]: [
  '[ws]',
  'get connect config success, ws url: wss://msg-frontier.feishu.cn/ws/v2?fpid=493&aid=552564&device_id=7655138377944583375&access_key=99e15cbe3006b6a4e62856fcd13cceef&service_id=33554678&ticket=4da1ef69-af8b-48a8-b684-b2cfe993c1df'
]
[debug]: [ '[ws]', 'ws connect success' ]
[info]: [ '[ws]', 'ws client ready' ]
[debug]: [
  '[ws]',
  'receive message, message_type: event; message_id: ee75a3b0-4c83-4df6-8207-d11ecc4f93b1; trace_id: 06ee2eb465f63f1e27455972fd8c1feb; data: undefined'
]
