[info]: [ 'client ready' ]
2026-06-25 01:32:27.334 📚 主笔 Bot 启动中...
2026-06-25 01:32:27.336 📋 已加载任务存储: 11 条记录
2026-06-25 01:32:27.336 🔧 连接 OpenCode: http://localhost:8080
2026-06-25 01:32:27.336 ✅ OpenCode 已就绪
2026-06-25 01:32:27.337 ⚠️ 未设置 EDITOR_OPEN_ID，将从 mentions 中学习
2026-06-25 01:32:27.788 📋 当前 Bot open_id: ou_aa98170b4509a97e59ef3310c24bcd24
[info]: [ 'event-dispatch is ready' ]
[info]: [
  '[ws]',
  'receive events or callbacks through persistent connection only available in self-build & Feishu app, Configured in:\n' +
    '        Developer Console(开发者后台)\n' +
    '          ->\n' +
    '        Events and Callbacks(事件与回调)\n' +
    '          ->\n' +
    '        Mode of event/callback subscription(订阅方式)\n' +
    '          ->\n' +
    '        Receive events/callbacks through persistent connection(使用 长连接 接收事件/回调)'
]
2026-06-25 01:32:27.800 ✅ 主笔 启动成功，等待消息...
[debug]: [
  '[ws]',
  'get connect config success, ws url: wss://msg-frontier.feishu.cn/ws/v2?fpid=493&aid=552564&device_id=7655139832574200770&access_key=8a6f70413c338df2def479f04c3235eb&service_id=33554678&ticket=b199c760-5e10-40c3-a334-b42add8bd99a'
]
[debug]: [ '[ws]', 'ws connect success' ]
[info]: [ '[ws]', 'ws client ready' ]
[debug]: [
  '[ws]',
  'receive message, message_type: event; message_id: ea12dbe6-e6e3-4749-af75-747379770186; trace_id: c2d3f9246011cd1b34b6566343eeeec3; data: undefined'
]
[debug]: [
  '[ws]',
  'receive message, message_type: event; message_id: adf4e39e-35c6-4705-9489-192e815ca021; trace_id: 7e9aaa54bc28b9c7e4d80fee457deb08; data: undefined'
]
2026-06-25 01:42:25.146 📋 学习到主编 open_id: ou_af60068dbd543b63c5acfcb9ee9d8d69
2026-06-25 01:42:25.146 📨 收到消息 (group): 【任务ID:T20260625094223】NOVEL_DIR:/Users/saicc/pyProject/novels/时间之痕
请根据设定师输出的世界观、人物档案、案件主线，整合上游资料员与分析...
2026-06-25 01:42:25.146 📂 检测到小说目录: /Users/saicc/pyProject/novels/时间之痕
2026-06-25 01:42:25.752 📋 跳过无文本消息: msgType=system, content={"template":"{from_user} started the group chat.","from_user":["崔鹏"],"to_chatters":[],"divider_text"
2026-06-25 01:42:25.752 📋 跳过无文本消息: msgType=system, content={"template":"{from_user} invited {to_chatters} to the group. New members can view all chat history."
2026-06-25 01:42:25.752 📋 跳过无文本消息: msgType=system, content={"template":"{from_user} invited {to_chatters} to the group. New members can view all chat history."
2026-06-25 01:42:25.752 📋 跳过无文本消息: msgType=system, content={"template":"{from_user} invited {to_chatters} to the group. New members can view all chat history."
2026-06-25 01:42:25.752 📋 拉取到 0 条聊天记录 (API返回 4 条原始消息)
2026-06-25 01:42:25.770 📤 [OpenCode] session=ses_1038ead1affeASb3qFkxKKfhfa novelDir=/Users/saicc/pyProject/novels/时间之痕 tools={"weibo-search":true,"web_search":true,"fiction-crafter-feishu":true} prompt=以下是与本任务相关的上游数据：

### 上游任务 [T20260625093408] 主编 -> 资料员
任务：请收集国内外近20年影响力较大的真实悬疑/刑侦案件，优先选案情复杂、反转多、社会影响大的案例。每案简要梳理案情、侦破过程、关键反转。合适案例不少于3个，最多5个，要求能为悬疑小说融合提供...
[debug]: [
  '[ws]',
  'receive message, message_type: event; message_id: 480802e6-a680-4e6f-95ac-55e6b77bdc6d; trace_id: 7e9aaa54bc28b9c7e4d80fee457deb08; data: undefined'
]
2026-06-25 01:42:44.859 ⏭️ 重复事件，跳过: 7e9aaa54bc28b9c7e4d80fee457deb08
2026-06-25 01:44:49.768 📥 [OpenCode 响应] textParts=1 toolParts=0
2026-06-25 01:44:50.416 ✅ 已回复消息
